<?xml version="1.0" encoding="UTF-8"?>
<!-- Generated by org.testng.reporters.JUnitXMLReporter -->
<testsuite hostname="NTPC01507" name="Editing Empdetails" tests="8" failures="0" timestamp="27 Nov 2018 07:06:57 GMT" time="65.932" errors="0">
  <testcase name="login" time="5.919" classname="testcases.Addemployee"/>
  <testcase name="AddAdminQualification" time="11.976" classname="testcases.Addemployee"/>
  <testcase name="AddEmp" time="4.204" classname="testcases.Addemployee"/>
  <testcase name="login" time="4.514" classname="testcases.Education_information"/>
  <testcase name="Pimtab1" time="1.246" classname="testcases.Education_information"/>
  <testcase name="SearchEmp" time="12.57" classname="testcases.Education_information"/>
  <testcase name="AddQualification" time="7.298" classname="testcases.Education_information"/>
  <testcase name="EditQualification" time="1.863" classname="testcases.Education_information"/>
</testsuite> <!-- Editing Empdetails -->
