<?xml version="1.0" encoding="UTF-8"?>
<!-- Generated by org.testng.reporters.JUnitXMLReporter -->
<testsuite hostname="NTPC01507" name="Editing Empdetails" tests="8" failures="0" timestamp="27 Nov 2018 06:15:28 GMT" time="61.247" errors="0">
  <testcase name="login" time="4.412" classname="testcases.Addemployee"/>
  <testcase name="AddAdminQualification" time="10.862" classname="testcases.Addemployee"/>
  <testcase name="AddEmp" time="3.205" classname="testcases.Addemployee"/>
  <testcase name="login" time="4.793" classname="testcases.Education_information"/>
  <testcase name="Pimtab1" time="1.177" classname="testcases.Education_information"/>
  <testcase name="SearchEmp" time="12.79" classname="testcases.Education_information"/>
  <testcase name="AddQualification" time="8.662" classname="testcases.Education_information"/>
  <testcase name="EditQualification" time="1.927" classname="testcases.Education_information"/>
</testsuite> <!-- Editing Empdetails -->
